# JRE version: Java(TM) SE Runtime Environment (8.0_131-b11) (build 1.8.0_131-b11)
# Java VM: Java HotSpot(TM) 64-Bit Server VM (25.131-b11 mixed mode windows-amd64 compressed oops)
Heap:
 garbage-first heap   total 61440K, used 28160K [0x00000000c0000000, 0x00000000c01001e0, 0x0000000100000000)
  region size 1024K, 14 young (14336K), 1 survivors (1024K)
 Metaspace       used 24982K, capacity 26366K, committed 26624K, reserved 1073152K
  class space    used 2711K, capacity 3069K, committed 3072K, reserved 1048576K
GC Heap History (10 events):
Event: 2.059 GC heap before
{Heap before GC invocations=1 (full 0):
 garbage-first heap   total 61440K, used 18284K [0x00000000c0000000, 0x00000000c01001e0, 0x0000000100000000)
  region size 1024K, 16 young (16384K), 2 survivors (2048K)
 Metaspace       used 10107K, capacity 10548K, committed 10752K, reserved 1058816K
  class space    used 1069K, capacity 1200K, committed 1280K, reserved 1048576K
Event: 2.066 GC heap after
Heap after GC invocations=2 (full 0):
 garbage-first heap   total 61440K, used 9013K [0x00000000c0000000, 0x00000000c01001e0, 0x0000000100000000)
  region size 1024K, 2 young (2048K), 2 survivors (2048K)
 Metaspace       used 10107K, capacity 10548K, committed 10752K, reserved 1058816K
  class space    used 1069K, capacity 1200K, committed 1280K, reserved 1048576K
}
Event: 4.068 GC heap before
{Heap before GC invocations=2 (full 0):
 garbage-first heap   total 61440K, used 32565K [0x00000000c0000000, 0x00000000c01001e0, 0x0000000100000000)
  region size 1024K, 25 young (25600K), 2 survivors (2048K)
 Metaspace       used 18299K, capacity 19240K, committed 19328K, reserved 1067008K
  class space    used 1840K, capacity 2159K, committed 2176K, reserved 1048576K
Event: 4.080 GC heap after
Heap after GC invocations=3 (full 0):
 garbage-first heap   total 61440K, used 17408K [0x00000000c0000000, 0x00000000c01001e0, 0x0000000100000000)
  region size 1024K, 4 young (4096K), 4 survivors (4096K)
 Metaspace       used 18299K, capacity 19240K, committed 19328K, reserved 1067008K
  class space    used 1840K, capacity 2159K, committed 2176K, reserved 1048576K
}
Event: 4.612 GC heap before
{Heap before GC invocations=3 (full 0):
 garbage-first heap   total 61440K, used 22528K [0x00000000c0000000, 0x00000000c01001e0, 0x0000000100000000)
  region size 1024K, 10 young (10240K), 4 survivors (4096K)
 Metaspace       used 19906K, capacity 21158K, committed 21296K, reserved 1069056K
  class space    used 2034K, capacity 2329K, committed 2432K, reserved 1048576K
Event: 4.621 GC heap after
Heap after GC invocations=4 (full 0):
 garbage-first heap   total 61440K, used 22016K [0x00000000c0000000, 0x00000000c01001e0, 0x0000000100000000)
  region size 1024K, 5 young (5120K), 5 survivors (5120K)
 Metaspace       used 19906K, capacity 21158K, committed 21296K, reserved 1069056K
  class space    used 2034K, capacity 2329K, committed 2432K, reserved 1048576K
}
Event: 7.098 GC heap before
{Heap before GC invocations=5 (full 0):
 garbage-first heap   total 61440K, used 43520K [0x00000000c0000000, 0x00000000c01001e0, 0x0000000100000000)
  region size 1024K, 32 young (32768K), 5 survivors (5120K)
 Metaspace       used 22661K, capacity 23966K, committed 24064K, reserved 1071104K
  class space    used 2423K, capacity 2739K, committed 2816K, reserved 1048576K
Event: 7.108 GC heap after
Heap after GC invocations=6 (full 0):
 garbage-first heap   total 61440K, used 19862K [0x00000000c0000000, 0x00000000c01001e0, 0x0000000100000000)
  region size 1024K, 4 young (4096K), 4 survivors (4096K)
 Metaspace       used 22661K, capacity 23966K, committed 24064K, reserved 1071104K
  class space    used 2423K, capacity 2739K, committed 2816K, reserved 1048576K
}
Event: 7.121 GC heap before
{Heap before GC invocations=6 (full 0):
 garbage-first heap   total 61440K, used 20886K [0x00000000c0000000, 0x00000000c01001e0, 0x0000000100000000)
  region size 1024K, 5 young (5120K), 4 survivors (4096K)
 Metaspace       used 22763K, capacity 24062K, committed 24320K, reserved 1071104K
  class space    used 2433K, capacity 2771K, committed 2816K, reserved 1048576K
Event: 7.126 GC heap after
Heap after GC invocations=7 (full 0):
 garbage-first heap   total 61440K, used 15872K [0x00000000c0000000, 0x00000000c01001e0, 0x0000000100000000)
  region size 1024K, 1 young (1024K), 1 survivors (1024K)
 Metaspace       used 22763K, capacity 24062K, committed 24320K, reserved 1071104K
  class space    used 2433K, capacity 2771K, committed 2816K, reserved 1048576K
}

