# JRE version: Java(TM) SE Runtime Environment (8.0_131-b11) (build 1.8.0_131-b11)
# Java VM: Java HotSpot(TM) 64-Bit Server VM (25.131-b11 mixed mode windows-amd64 compressed oops)
Heap:
 garbage-first heap   total 61440K, used 25088K [0x00000000c0000000, 0x00000000c01001e0, 0x0000000100000000)
  region size 1024K, 15 young (15360K), 5 survivors (5120K)
 Metaspace       used 21830K, capacity 23118K, committed 23424K, reserved 1071104K
  class space    used 2289K, capacity 2609K, committed 2688K, reserved 1048576K
GC Heap History (8 events):
Event: 7.380 GC heap before
{Heap before GC invocations=0 (full 0):
 garbage-first heap   total 61440K, used 14336K [0x00000000c0000000, 0x00000000c01001e0, 0x0000000100000000)
  region size 1024K, 14 young (14336K), 0 survivors (0K)
 Metaspace       used 6520K, capacity 6692K, committed 6912K, reserved 1056768K
  class space    used 682K, capacity 727K, committed 768K, reserved 1048576K
Event: 7.401 GC heap after
Heap after GC invocations=1 (full 0):
 garbage-first heap   total 61440K, used 3871K [0x00000000c0000000, 0x00000000c01001e0, 0x0000000100000000)
  region size 1024K, 2 young (2048K), 2 survivors (2048K)
 Metaspace       used 6520K, capacity 6692K, committed 6912K, reserved 1056768K
  class space    used 682K, capacity 727K, committed 768K, reserved 1048576K
}
Event: 10.784 GC heap before
{Heap before GC invocations=1 (full 0):
 garbage-first heap   total 61440K, used 18207K [0x00000000c0000000, 0x00000000c01001e0, 0x0000000100000000)
  region size 1024K, 16 young (16384K), 2 survivors (2048K)
 Metaspace       used 10054K, capacity 10538K, committed 10752K, reserved 1058816K
  class space    used 1057K, capacity 1193K, committed 1280K, reserved 1048576K
Event: 10.794 GC heap after
Heap after GC invocations=2 (full 0):
 garbage-first heap   total 61440K, used 8964K [0x00000000c0000000, 0x00000000c01001e0, 0x0000000100000000)
  region size 1024K, 2 young (2048K), 2 survivors (2048K)
 Metaspace       used 10054K, capacity 10538K, committed 10752K, reserved 1058816K
  class space    used 1057K, capacity 1193K, committed 1280K, reserved 1048576K
}
Event: 14.842 GC heap before
{Heap before GC invocations=2 (full 0):
 garbage-first heap   total 61440K, used 30468K [0x00000000c0000000, 0x00000000c01001e0, 0x0000000100000000)
  region size 1024K, 23 young (23552K), 2 survivors (2048K)
 Metaspace       used 17306K, capacity 18058K, committed 18432K, reserved 1064960K
  class space    used 1704K, capacity 1937K, committed 2048K, reserved 1048576K
Event: 14.850 GC heap after
Heap after GC invocations=3 (full 0):
 garbage-first heap   total 61440K, used 16384K [0x00000000c0000000, 0x00000000c01001e0, 0x0000000100000000)
  region size 1024K, 3 young (3072K), 3 survivors (3072K)
 Metaspace       used 17306K, capacity 18058K, committed 18432K, reserved 1064960K
  class space    used 1704K, capacity 1937K, committed 2048K, reserved 1048576K
}
Event: 18.923 GC heap before
{Heap before GC invocations=3 (full 0):
 garbage-first heap   total 61440K, used 29696K [0x00000000c0000000, 0x00000000c01001e0, 0x0000000100000000)
  region size 1024K, 17 young (17408K), 3 survivors (3072K)
 Metaspace       used 19991K, capacity 21206K, committed 21296K, reserved 1069056K
  class space    used 2044K, capacity 2373K, committed 2432K, reserved 1048576K
Event: 18.933 GC heap after
Heap after GC invocations=4 (full 0):
 garbage-first heap   total 61440K, used 19968K [0x00000000c0000000, 0x00000000c01001e0, 0x0000000100000000)
  region size 1024K, 5 young (5120K), 5 survivors (5120K)
 Metaspace       used 19991K, capacity 21206K, committed 21296K, reserved 1069056K
  class space    used 2044K, capacity 2373K, committed 2432K, reserved 1048576K
}

